0 info it worked if it ends with ok
1 verbose cli [ '/usr/bin/nodejs', '/usr/bin/npm', 'run', 'build' ]
2 info using npm@1.4.21
3 info using node@v0.10.29
4 verbose run-script [ 'prebuild', 'build', 'postbuild' ]
5 info prebuild ifmquiz@0.0.0
6 info build ifmquiz@0.0.0
7 verbose unsafe-perm in lifecycle true
8 info ifmquiz@0.0.0 Failed to exec build script
9 error ifmquiz@0.0.0 build: `webpack --mode development --watch`
9 error Exit status 8
10 error Failed at the ifmquiz@0.0.0 build script.
10 error This is most likely a problem with the ifmquiz package,
10 error not with npm itself.
10 error Tell the author that this fails on your system:
10 error     webpack --mode development --watch
10 error You can get their info via:
10 error     npm owner ls ifmquiz
10 error There is likely additional logging output above.
11 error System Linux 4.4.104-boot2docker
12 error command "/usr/bin/nodejs" "/usr/bin/npm" "run" "build"
13 error cwd /var/www/code/ifmquiz/src/resources/assets
14 error node -v v0.10.29
15 error npm -v 1.4.21
16 error code ELIFECYCLE
17 verbose exit [ 1, true ]
